# JRE version: OpenJDK Runtime Environment (11.0.6+8) (build 11.0.6+8-b765.40)
# Java VM: OpenJDK 64-Bit Server VM (11.0.6+8-b765.40, mixed mode, tiered, compressed oops, concurrent mark sweep gc, linux-amd64)
Heap:
 par new generation   total 39296K, used 26085K [0x00000000c2c00000, 0x00000000c56a0000, 0x00000000d72a0000)
  eden space 34944K,  66% used [0x00000000c2c00000, 0x00000000c42b6d08, 0x00000000c4e20000)
  from space 4352K,  64% used [0x00000000c4e20000, 0x00000000c50e28b0, 0x00000000c5260000)
  to   space 4352K,   0% used [0x00000000c5260000, 0x00000000c5260000, 0x00000000c56a0000)
 concurrent mark-sweep generation total 252796K, used 198135K [0x00000000d72a0000, 0x00000000e697f000, 0x0000000100000000)
 Metaspace       used 225426K, capacity 233203K, committed 233472K, reserved 1251328K
  class space    used 28344K, capacity 31439K, committed 31504K, reserved 1048576K
GC Heap History (20 events):
Event: 29149.683 GC heap before
{Heap before GC invocations=62 (full 8):
 par new generation   total 39296K, used 39085K [0x00000000c2c00000, 0x00000000c56a0000, 0x00000000d72a0000)
  eden space 34944K, 100% used [0x00000000c2c00000, 0x00000000c4e20000, 0x00000000c4e20000)
  from space 4352K,  95% used [0x00000000c4e20000, 0x00000000c522b670, 0x00000000c5260000)
  to   space 4352K,   0% used [0x00000000c5260000, 0x00000000c5260000, 0x00000000c56a0000)
 concurrent mark-sweep generation total 252796K, used 182319K [0x00000000d72a0000, 0x00000000e697f000, 0x0000000100000000)
 Metaspace       used 214133K, capacity 221601K, committed 221824K, reserved 1243136K
  class space    used 26320K, capacity 29261K, committed 29328K, reserved 1048576K
}
Event: 29149.695 GC heap after
{Heap after GC invocations=63 (full 8):
 par new generation   total 39296K, used 3540K [0x00000000c2c00000, 0x00000000c56a0000, 0x00000000d72a0000)
  eden space 34944K,   0% used [0x00000000c2c00000, 0x00000000c2c00000, 0x00000000c4e20000)
  from space 4352K,  81% used [0x00000000c5260000, 0x00000000c55d5150, 0x00000000c56a0000)
  to   space 4352K,   0% used [0x00000000c4e20000, 0x00000000c4e20000, 0x00000000c5260000)
 concurrent mark-sweep generation total 252796K, used 184244K [0x00000000d72a0000, 0x00000000e697f000, 0x0000000100000000)
 Metaspace       used 214133K, capacity 221601K, committed 221824K, reserved 1243136K
  class space    used 26320K, capacity 29261K, committed 29328K, reserved 1048576K
}
Event: 29152.244 GC heap before
{Heap before GC invocations=63 (full 8):
 par new generation   total 39296K, used 38200K [0x00000000c2c00000, 0x00000000c56a0000, 0x00000000d72a0000)
  eden space 34944K,  99% used [0x00000000c2c00000, 0x00000000c4dd9010, 0x00000000c4e20000)
  from space 4352K,  81% used [0x00000000c5260000, 0x00000000c55d5150, 0x00000000c56a0000)
  to   space 4352K,   0% used [0x00000000c4e20000, 0x00000000c4e20000, 0x00000000c5260000)
 concurrent mark-sweep generation total 252796K, used 184244K [0x00000000d72a0000, 0x00000000e697f000, 0x0000000100000000)
 Metaspace       used 214551K, capacity 222019K, committed 222336K, reserved 1243136K
  class space    used 26341K, capacity 29270K, committed 29328K, reserved 1048576K
}
Event: 29152.276 GC heap after
{Heap after GC invocations=64 (full 8):
 par new generation   total 39296K, used 4352K [0x00000000c2c00000, 0x00000000c56a0000, 0x00000000d72a0000)
  eden space 34944K,   0% used [0x00000000c2c00000, 0x00000000c2c00000, 0x00000000c4e20000)
  from space 4352K, 100% used [0x00000000c4e20000, 0x00000000c5260000, 0x00000000c5260000)
  to   space 4352K,   0% used [0x00000000c5260000, 0x00000000c5260000, 0x00000000c56a0000)
 concurrent mark-sweep generation total 252796K, used 191314K [0x00000000d72a0000, 0x00000000e697f000, 0x0000000100000000)
 Metaspace       used 214551K, capacity 222019K, committed 222336K, reserved 1243136K
  class space    used 26341K, capacity 29270K, committed 29328K, reserved 1048576K
}
Event: 29155.514 GC heap before
{Heap before GC invocations=64 (full 8):
 par new generation   total 39296K, used 39296K [0x00000000c2c00000, 0x00000000c56a0000, 0x00000000d72a0000)
  eden space 34944K, 100% used [0x00000000c2c00000, 0x00000000c4e20000, 0x00000000c4e20000)
  from space 4352K, 100% used [0x00000000c4e20000, 0x00000000c5260000, 0x00000000c5260000)
  to   space 4352K,   0% used [0x00000000c5260000, 0x00000000c5260000, 0x00000000c56a0000)
 concurrent mark-sweep generation total 252796K, used 191314K [0x00000000d72a0000, 0x00000000e697f000, 0x0000000100000000)
 Metaspace       used 214854K, capacity 222367K, committed 222592K, reserved 1243136K
  class space    used 26347K, capacity 29274K, committed 29328K, reserved 1048576K
}
Event: 29155.527 GC heap after
{Heap after GC invocations=65 (full 8):
 par new generation   total 39296K, used 3042K [0x00000000c2c00000, 0x00000000c56a0000, 0x00000000d72a0000)
  eden space 34944K,   0% used [0x00000000c2c00000, 0x00000000c2c00000, 0x00000000c4e20000)
  from space 4352K,  69% used [0x00000000c5260000, 0x00000000c5558ae0, 0x00000000c56a0000)
  to   space 4352K,   0% used [0x00000000c4e20000, 0x00000000c4e20000, 0x00000000c5260000)
 concurrent mark-sweep generation total 252796K, used 194192K [0x00000000d72a0000, 0x00000000e697f000, 0x0000000100000000)
 Metaspace       used 214854K, capacity 222367K, committed 222592K, reserved 1243136K
  class space    used 26347K, capacity 29274K, committed 29328K, reserved 1048576K
}
Event: 29156.019 GC heap before
{Heap before GC invocations=65 (full 8):
 par new generation   total 39296K, used 37986K [0x00000000c2c00000, 0x00000000c56a0000, 0x00000000d72a0000)
  eden space 34944K, 100% used [0x00000000c2c00000, 0x00000000c4e20000, 0x00000000c4e20000)
  from space 4352K,  69% used [0x00000000c5260000, 0x00000000c5558ae0, 0x00000000c56a0000)
  to   space 4352K,   0% used [0x00000000c4e20000, 0x00000000c4e20000, 0x00000000c5260000)
 concurrent mark-sweep generation total 252796K, used 194192K [0x00000000d72a0000, 0x00000000e697f000, 0x0000000100000000)
 Metaspace       used 216158K, capacity 223708K, committed 223872K, reserved 1243136K
  class space    used 26497K, capacity 29464K, committed 29584K, reserved 1048576K
}
Event: 29156.024 GC heap after
{Heap after GC invocations=66 (full 8):
 par new generation   total 39296K, used 2748K [0x00000000c2c00000, 0x00000000c56a0000, 0x00000000d72a0000)
  eden space 34944K,   0% used [0x00000000c2c00000, 0x00000000c2c00000, 0x00000000c4e20000)
  from space 4352K,  63% used [0x00000000c4e20000, 0x00000000c50cf370, 0x00000000c5260000)
  to   space 4352K,   0% used [0x00000000c5260000, 0x00000000c5260000, 0x00000000c56a0000)
 concurrent mark-sweep generation total 252796K, used 194192K [0x00000000d72a0000, 0x00000000e697f000, 0x0000000100000000)
 Metaspace       used 216158K, capacity 223708K, committed 223872K, reserved 1243136K
  class space    used 26497K, capacity 29464K, committed 29584K, reserved 1048576K
}
Event: 29156.196 GC heap before
{Heap before GC invocations=66 (full 8):
 par new generation   total 39296K, used 37692K [0x00000000c2c00000, 0x00000000c56a0000, 0x00000000d72a0000)
  eden space 34944K, 100% used [0x00000000c2c00000, 0x00000000c4e20000, 0x00000000c4e20000)
  from space 4352K,  63% used [0x00000000c4e20000, 0x00000000c50cf370, 0x00000000c5260000)
  to   space 4352K,   0% used [0x00000000c5260000, 0x00000000c5260000, 0x00000000c56a0000)
 concurrent mark-sweep generation total 252796K, used 194192K [0x00000000d72a0000, 0x00000000e697f000, 0x0000000100000000)
 Metaspace       used 216620K, capacity 224147K, committed 224384K, reserved 1245184K
  class space    used 26542K, capacity 29525K, committed 29584K, reserved 1048576K
}
Event: 29156.202 GC heap after
{Heap after GC invocations=67 (full 8):
 par new generation   total 39296K, used 2133K [0x00000000c2c00000, 0x00000000c56a0000, 0x00000000d72a0000)
  eden space 34944K,   0% used [0x00000000c2c00000, 0x00000000c2c00000, 0x00000000c4e20000)
  from space 4352K,  49% used [0x00000000c5260000, 0x00000000c5475640, 0x00000000c56a0000)
  to   space 4352K,   0% used [0x00000000c4e20000, 0x00000000c4e20000, 0x00000000c5260000)
 concurrent mark-sweep generation total 252796K, used 195423K [0x00000000d72a0000, 0x00000000e697f000, 0x0000000100000000)
 Metaspace       used 216620K, capacity 224147K, committed 224384K, reserved 1245184K
  class space    used 26542K, capacity 29525K, committed 29584K, reserved 1048576K
}
Event: 29156.752 GC heap before
{Heap before GC invocations=67 (full 8):
 par new generation   total 39296K, used 37077K [0x00000000c2c00000, 0x00000000c56a0000, 0x00000000d72a0000)
  eden space 34944K, 100% used [0x00000000c2c00000, 0x00000000c4e20000, 0x00000000c4e20000)
  from space 4352K,  49% used [0x00000000c5260000, 0x00000000c5475640, 0x00000000c56a0000)
  to   space 4352K,   0% used [0x00000000c4e20000, 0x00000000c4e20000, 0x00000000c5260000)
 concurrent mark-sweep generation total 252796K, used 195423K [0x00000000d72a0000, 0x00000000e697f000, 0x0000000100000000)
 Metaspace       used 220362K, capacity 227923K, committed 228224K, reserved 1247232K
  class space    used 27534K, capacity 30531K, committed 30608K, reserved 1048576K
}
Event: 29156.756 GC heap after
{Heap after GC invocations=68 (full 8):
 par new generation   total 39296K, used 2511K [0x00000000c2c00000, 0x00000000c56a0000, 0x00000000d72a0000)
  eden space 34944K,   0% used [0x00000000c2c00000, 0x00000000c2c00000, 0x00000000c4e20000)
  from space 4352K,  57% used [0x00000000c4e20000, 0x00000000c5093f20, 0x00000000c5260000)
  to   space 4352K,   0% used [0x00000000c5260000, 0x00000000c5260000, 0x00000000c56a0000)
 concurrent mark-sweep generation total 252796K, used 195423K [0x00000000d72a0000, 0x00000000e697f000, 0x0000000100000000)
 Metaspace       used 220362K, capacity 227923K, committed 228224K, reserved 1247232K
  class space    used 27534K, capacity 30531K, committed 30608K, reserved 1048576K
}
Event: 29157.546 GC heap before
{Heap before GC invocations=68 (full 8):
 par new generation   total 39296K, used 37455K [0x00000000c2c00000, 0x00000000c56a0000, 0x00000000d72a0000)
  eden space 34944K, 100% used [0x00000000c2c00000, 0x00000000c4e20000, 0x00000000c4e20000)
  from space 4352K,  57% used [0x00000000c4e20000, 0x00000000c5093f20, 0x00000000c5260000)
  to   space 4352K,   0% used [0x00000000c5260000, 0x00000000c5260000, 0x00000000c56a0000)
 concurrent mark-sweep generation total 252796K, used 195423K [0x00000000d72a0000, 0x00000000e697f000, 0x0000000100000000)
 Metaspace       used 223134K, capacity 230827K, committed 231168K, reserved 1249280K
  class space    used 28106K, capacity 31150K, committed 31248K, reserved 1048576K
}
Event: 29157.551 GC heap after
{Heap after GC invocations=69 (full 8):
 par new generation   total 39296K, used 3687K [0x00000000c2c00000, 0x00000000c56a0000, 0x00000000d72a0000)
  eden space 34944K,   0% used [0x00000000c2c00000, 0x00000000c2c00000, 0x00000000c4e20000)
  from space 4352K,  84% used [0x00000000c5260000, 0x00000000c55f9fb0, 0x00000000c56a0000)
  to   space 4352K,   0% used [0x00000000c4e20000, 0x00000000c4e20000, 0x00000000c5260000)
 concurrent mark-sweep generation total 252796K, used 195423K [0x00000000d72a0000, 0x00000000e697f000, 0x0000000100000000)
 Metaspace       used 223134K, capacity 230827K, committed 231168K, reserved 1249280K
  class space    used 28106K, capacity 31150K, committed 31248K, reserved 1048576K
}
Event: 29157.818 GC heap before
{Heap before GC invocations=69 (full 8):
 par new generation   total 39296K, used 38631K [0x00000000c2c00000, 0x00000000c56a0000, 0x00000000d72a0000)
  eden space 34944K, 100% used [0x00000000c2c00000, 0x00000000c4e20000, 0x00000000c4e20000)
  from space 4352K,  84% used [0x00000000c5260000, 0x00000000c55f9fb0, 0x00000000c56a0000)
  to   space 4352K,   0% used [0x00000000c4e20000, 0x00000000c4e20000, 0x00000000c5260000)
 concurrent mark-sweep generation total 252796K, used 195423K [0x00000000d72a0000, 0x00000000e697f000, 0x0000000100000000)
 Metaspace       used 223467K, capacity 231183K, committed 231424K, reserved 1249280K
  class space    used 28115K, capacity 31158K, committed 31248K, reserved 1048576K
}
Event: 29157.821 GC heap after
{Heap after GC invocations=70 (full 8):
 par new generation   total 39296K, used 4077K [0x00000000c2c00000, 0x00000000c56a0000, 0x00000000d72a0000)
  eden space 34944K,   0% used [0x00000000c2c00000, 0x00000000c2c00000, 0x00000000c4e20000)
  from space 4352K,  93% used [0x00000000c4e20000, 0x00000000c521b4f0, 0x00000000c5260000)
  to   space 4352K,   0% used [0x00000000c5260000, 0x00000000c5260000, 0x00000000c56a0000)
 concurrent mark-sweep generation total 252796K, used 196366K [0x00000000d72a0000, 0x00000000e697f000, 0x0000000100000000)
 Metaspace       used 223467K, capacity 231183K, committed 231424K, reserved 1249280K
  class space    used 28115K, capacity 31158K, committed 31248K, reserved 1048576K
}
Event: 29164.329 GC heap before
{Heap before GC invocations=70 (full 8):
 par new generation   total 39296K, used 39021K [0x00000000c2c00000, 0x00000000c56a0000, 0x00000000d72a0000)
  eden space 34944K, 100% used [0x00000000c2c00000, 0x00000000c4e20000, 0x00000000c4e20000)
  from space 4352K,  93% used [0x00000000c4e20000, 0x00000000c521b4f0, 0x00000000c5260000)
  to   space 4352K,   0% used [0x00000000c5260000, 0x00000000c5260000, 0x00000000c56a0000)
 concurrent mark-sweep generation total 252796K, used 196366K [0x00000000d72a0000, 0x00000000e697f000, 0x0000000100000000)
 Metaspace       used 224523K, capacity 232172K, committed 232576K, reserved 1251328K
  class space    used 28225K, capacity 31247K, committed 31376K, reserved 1048576K
}
Event: 29164.337 GC heap after
{Heap after GC invocations=71 (full 8):
 par new generation   total 39296K, used 3605K [0x00000000c2c00000, 0x00000000c56a0000, 0x00000000d72a0000)
  eden space 34944K,   0% used [0x00000000c2c00000, 0x00000000c2c00000, 0x00000000c4e20000)
  from space 4352K,  82% used [0x00000000c5260000, 0x00000000c55e55f0, 0x00000000c56a0000)
  to   space 4352K,   0% used [0x00000000c4e20000, 0x00000000c4e20000, 0x00000000c5260000)
 concurrent mark-sweep generation total 252796K, used 197073K [0x00000000d72a0000, 0x00000000e697f000, 0x0000000100000000)
 Metaspace       used 224523K, capacity 232172K, committed 232576K, reserved 1251328K
  class space    used 28225K, capacity 31247K, committed 31376K, reserved 1048576K
}
Event: 29532.318 GC heap before
{Heap before GC invocations=71 (full 8):
 par new generation   total 39296K, used 38549K [0x00000000c2c00000, 0x00000000c56a0000, 0x00000000d72a0000)
  eden space 34944K, 100% used [0x00000000c2c00000, 0x00000000c4e20000, 0x00000000c4e20000)
  from space 4352K,  82% used [0x00000000c5260000, 0x00000000c55e55f0, 0x00000000c56a0000)
  to   space 4352K,   0% used [0x00000000c4e20000, 0x00000000c4e20000, 0x00000000c5260000)
 concurrent mark-sweep generation total 252796K, used 197073K [0x00000000d72a0000, 0x00000000e697f000, 0x0000000100000000)
 Metaspace       used 225361K, capacity 233192K, committed 233472K, reserved 1251328K
  class space    used 28339K, capacity 31436K, committed 31504K, reserved 1048576K
}
Event: 29532.328 GC heap after
{Heap after GC invocations=72 (full 8):
 par new generation   total 39296K, used 2826K [0x00000000c2c00000, 0x00000000c56a0000, 0x00000000d72a0000)
  eden space 34944K,   0% used [0x00000000c2c00000, 0x00000000c2c00000, 0x00000000c4e20000)
  from space 4352K,  64% used [0x00000000c4e20000, 0x00000000c50e28b0, 0x00000000c5260000)
  to   space 4352K,   0% used [0x00000000c5260000, 0x00000000c5260000, 0x00000000c56a0000)
 concurrent mark-sweep generation total 252796K, used 198135K [0x00000000d72a0000, 0x00000000e697f000, 0x0000000100000000)
 Metaspace       used 225361K, capacity 233192K, committed 233472K, reserved 1251328K
  class space    used 28339K, capacity 31436K, committed 31504K, reserved 1048576K
}

